Using pre-set license
Built from '2020.3/staging' branch; Version is '2020.3.29f1 (2ff179115da0) revision 3142009'; Using compiler version '192528614'; Build Type 'Release'
OS: 'Windows 10  (10.0.19044) 64bit Education' Language: 'hu' Physical Memory: 15805 MB
BatchMode: 1, IsHumanControllingUs: 0, StartBugReporterOnCrash: 0, Is64bit: 1, IsPro: 0

COMMAND LINE ARGUMENTS:
C:\Program Files\Unity\Hub\Editor\2020.3.29f1\Editor\Unity.exe
-adb2
-batchMode
-noUpm
-name
AssetImportWorker0
-projectPath
C:/Users/András/Documents/GameControll/University
-logFile
Logs/AssetImportWorker0.log
-srvPort
63855
Successfully changed project path to: C:/Users/András/Documents/GameControll/University
C:/Users/András/Documents/GameControll/University
Using Asset Import Pipeline V2.
Refreshing native plugins compatible for Editor in 49.60 ms, found 2 plugins.
Preloading 0 native plugins for Editor in 0.00 ms.
Initialize engine version: 2020.3.29f1 (2ff179115da0)
[Subsystems] Discovering subsystems at path C:/Program Files/Unity/Hub/Editor/2020.3.29f1/Editor/Data/Resources/UnitySubsystems
[Subsystems] Discovering subsystems at path C:/Users/András/Documents/GameControll/University/Assets
GfxDevice: creating device client; threaded=0
Direct3D:
    Version:  Direct3D 11.0 [level 11.1]
    Renderer: NVIDIA GeForce GTX 1650 (ID=0x1f91)
    Vendor:   
    VRAM:     3962 MB
    Driver:   30.0.15.1165
Initialize mono
Mono path[0] = 'C:/Program Files/Unity/Hub/Editor/2020.3.29f1/Editor/Data/Managed'
Mono path[1] = 'C:/Program Files/Unity/Hub/Editor/2020.3.29f1/Editor/Data/MonoBleedingEdge/lib/mono/unityjit'
Mono config path = 'C:/Program Files/Unity/Hub/Editor/2020.3.29f1/Editor/Data/MonoBleedingEdge/etc'
Using monoOptions --debugger-agent=transport=dt_socket,embedding=1,server=y,suspend=n,address=127.0.0.1:56864
Begin MonoManager ReloadAssembly
Registering precompiled unity dll's ...
Register platform support module: C:/Program Files/Unity/Hub/Editor/2020.3.29f1/Editor/Data/PlaybackEngines/WindowsStandaloneSupport/UnityEditor.WindowsStandalone.Extensions.dll
Registered in 0.003394 seconds.
Native extension for WindowsStandalone target not found
Refreshing native plugins compatible for Editor in 46.54 ms, found 2 plugins.
Preloading 0 native plugins for Editor in 0.00 ms.
Unable to find bridge dll in registry for Microsoft Visual Studio Tools for Unity for C:/Program Files (x86)/Microsoft Visual Studio/2019/Community/Common7/IDE/devenv.exe
Mono: successfully reloaded assembly
- Completed reload, in  0.815 seconds
Domain Reload Profiling:
	ReloadAssembly (816ms)
		BeginReloadAssembly (97ms)
			ExecutionOrderSort (0ms)
			DisableScriptedObjects (0ms)
			BackupInstance (0ms)
			ReleaseScriptingObjects (0ms)
			CreateAndSetChildDomain (1ms)
		EndReloadAssembly (614ms)
			LoadAssemblies (92ms)
			RebuildTransferFunctionScriptingTraits (0ms)
			SetupTypeCache (209ms)
			ReleaseScriptCaches (0ms)
			RebuildScriptCaches (39ms)
			SetupLoadedEditorAssemblies (229ms)
				LogAssemblyErrors (0ms)
				InitializePlatformSupportModulesInManaged (8ms)
				SetLoadedEditorAssemblies (0ms)
				RefreshPlugins (47ms)
				BeforeProcessingInitializeOnLoad (18ms)
				ProcessInitializeOnLoadAttributes (117ms)
				ProcessInitializeOnLoadMethodAttributes (38ms)
				AfterProcessingInitializeOnLoad (0ms)
				EditorAssembliesLoaded (0ms)
			ExecutionOrderSort2 (0ms)
			AwakeInstancesAfterBackupRestoration (0ms)
Platform modules already initialized, skipping
Registering precompiled user dll's ...
Registered in 0.004761 seconds.
Begin MonoManager ReloadAssembly
Native extension for WindowsStandalone target not found
Refreshing native plugins compatible for Editor in 0.41 ms, found 2 plugins.
Preloading 0 native plugins for Editor in 0.00 ms.
Mono: successfully reloaded assembly
- Completed reload, in  1.449 seconds
Domain Reload Profiling:
	ReloadAssembly (1450ms)
		BeginReloadAssembly (214ms)
			ExecutionOrderSort (0ms)
			DisableScriptedObjects (6ms)
			BackupInstance (0ms)
			ReleaseScriptingObjects (0ms)
			CreateAndSetChildDomain (29ms)
		EndReloadAssembly (1147ms)
			LoadAssemblies (138ms)
			RebuildTransferFunctionScriptingTraits (0ms)
			SetupTypeCache (346ms)
			ReleaseScriptCaches (0ms)
			RebuildScriptCaches (55ms)
			SetupLoadedEditorAssemblies (476ms)
				LogAssemblyErrors (0ms)
				InitializePlatformSupportModulesInManaged (7ms)
				SetLoadedEditorAssemblies (1ms)
				RefreshPlugins (1ms)
				BeforeProcessingInitializeOnLoad (132ms)
				ProcessInitializeOnLoadAttributes (307ms)
				ProcessInitializeOnLoadMethodAttributes (15ms)
				AfterProcessingInitializeOnLoad (13ms)
				EditorAssembliesLoaded (0ms)
			ExecutionOrderSort2 (0ms)
			AwakeInstancesAfterBackupRestoration (10ms)
Platform modules already initialized, skipping
========================================================================
Worker process is ready to serve import requests
Launched and connected shader compiler UnityShaderCompiler.exe after 0.09 seconds
Refreshing native plugins compatible for Editor in 0.62 ms, found 2 plugins.
Preloading 0 native plugins for Editor in 0.00 ms.
Unloading 1502 Unused Serialized files (Serialized files now loaded: 0)
System memory in use before: 87.1 MB.
System memory in use after: 87.2 MB.

Unloading 15 unused Assets to reduce memory usage. Loaded Objects now: 1960.
Total: 7.860900 ms (FindLiveObjects: 0.318500 ms CreateObjectMapping: 0.115800 ms MarkObjects: 7.362100 ms  DeleteObjects: 0.061700 ms)

AssetImportParameters requested are different than current active one (requested -> active):
  custom:framework-win-MediaFoundation: 216162199b28c13a410421893ffa2e32 -> 
  custom:video-decoder-ogg-theora: a1e56fd34408186e4bbccfd4996cb3dc -> 
  custom:container-muxer-webm: aa71ff27fc2769a1b78a27578f13a17b -> 
  custom:container-demuxer-webm: 4f35f7cbe854078d1ac9338744f61a02 -> 
  custom:container-demuxer-ogg: 62fdf1f143b41e24485cea50d1cbac27 -> 
  custom:video-encoder-webm-vp8: eb34c28f22e8b96e1ab97ce403110664 -> 
  custom:video-decoder-webm-vp8: 9c59270c3fd7afecdb556c50c9e8de78 -> 
  custom:audio-decoder-ogg-vorbis: bf7c407c2cedff20999df2af8eb42d56 -> 
  custom:audio-encoder-webm-vorbis: bf7c407c2cedff20999df2af8eb42d56 -> 
========================================================================
Received Import Request.
  path: Assets/Scenes/textura
  artifactKey: Guid(e2811c4792d8eac478672c22f17128af) Importer(815301076,1909f56bfc062723c751e8b465ee728b)
Start importing Assets/Scenes/textura using Guid(e2811c4792d8eac478672c22f17128af) Importer(815301076,1909f56bfc062723c751e8b465ee728b)  -> (artifact id: '21ad5fb96225caf047de7a0ec9b29795') in 0.026310 seconds 
  Import took 0.032600 seconds .

========================================================================
Received Import Request.
  Time since last request: 432.245805 seconds.
  path: Assets/Scenes/textura/20220225_103219.jpg
  artifactKey: Guid(8c5998a747ae4c54b94d1d62331c7b73) Importer(815301076,1909f56bfc062723c751e8b465ee728b)
Start importing Assets/Scenes/textura/20220225_103219.jpg using Guid(8c5998a747ae4c54b94d1d62331c7b73) Importer(815301076,1909f56bfc062723c751e8b465ee728b)  -> (artifact id: '2200460887a5068ff4dc86c5f559c2d4') in 0.091640 seconds 
  Import took 0.094718 seconds .

========================================================================
Received Import Request.
  Time since last request: 220.449152 seconds.
  path: Assets/Scenes/textura/20220225_102439.jpg
  artifactKey: Guid(cd89a2d699dc7c5439b5f48b363ea618) Importer(815301076,1909f56bfc062723c751e8b465ee728b)
Start importing Assets/Scenes/textura/20220225_102439.jpg using Guid(cd89a2d699dc7c5439b5f48b363ea618) Importer(815301076,1909f56bfc062723c751e8b465ee728b)  -> (artifact id: '1d7462d288c4f1b88b01699463bbd80a') in 0.027295 seconds 
  Import took 0.031885 seconds .

========================================================================
Received Import Request.
  Time since last request: 12.466735 seconds.
  path: Assets/Scenes/textura/fal1.jpg
  artifactKey: Guid(2d27cf3cd8e87dc448f87bdd31aaabf6) Importer(815301076,1909f56bfc062723c751e8b465ee728b)
Start importing Assets/Scenes/textura/fal1.jpg using Guid(2d27cf3cd8e87dc448f87bdd31aaabf6) Importer(815301076,1909f56bfc062723c751e8b465ee728b)  -> (artifact id: '88f68f8ca385f0bf33cdb950de496750') in 0.022471 seconds 
  Import took 0.026086 seconds .

========================================================================
Received Import Request.
  Time since last request: 2.718835 seconds.
  path: Assets/Scenes/textura/fal2.jpg
  artifactKey: Guid(692cb24ebcee4be439b497e3338fd24e) Importer(815301076,1909f56bfc062723c751e8b465ee728b)
Start importing Assets/Scenes/textura/fal2.jpg using Guid(692cb24ebcee4be439b497e3338fd24e) Importer(815301076,1909f56bfc062723c751e8b465ee728b)  -> (artifact id: '40d8e987d661c6d1e0945f265bf28abc') in 0.024072 seconds 
  Import took 0.027916 seconds .

========================================================================
Received Import Request.
  Time since last request: 98.886764 seconds.
  path: Assets/Scenes/textura/allasborze.jpg
  artifactKey: Guid(350070671ef67dd4facb2971a7a31e4e) Importer(815301076,1909f56bfc062723c751e8b465ee728b)
Start importing Assets/Scenes/textura/allasborze.jpg using Guid(350070671ef67dd4facb2971a7a31e4e) Importer(815301076,1909f56bfc062723c751e8b465ee728b)  -> (artifact id: '6d2fc0cffd5db9666bead8e26895d216') in 0.045612 seconds 
  Import took 0.050026 seconds .

========================================================================
Received Import Request.
  Time since last request: 0.000496 seconds.
  path: Assets/Scenes/textura/buszmegallo.jpg
  artifactKey: Guid(c4bfdd7bee0fe5f4cad4c7e91a1541c2) Importer(815301076,1909f56bfc062723c751e8b465ee728b)
Start importing Assets/Scenes/textura/buszmegallo.jpg using Guid(c4bfdd7bee0fe5f4cad4c7e91a1541c2) Importer(815301076,1909f56bfc062723c751e8b465ee728b)  -> (artifact id: '7bafa65fc797407f6af99fe88f705f6e') in 0.030192 seconds 
  Import took 0.035126 seconds .

========================================================================
Received Import Request.
  Time since last request: 0.000453 seconds.
  path: Assets/Scenes/textura/fa keret.jpg
  artifactKey: Guid(e5a9f743db7d6084e847b3a66e3de317) Importer(815301076,1909f56bfc062723c751e8b465ee728b)
Start importing Assets/Scenes/textura/fa keret.jpg using Guid(e5a9f743db7d6084e847b3a66e3de317) Importer(815301076,1909f56bfc062723c751e8b465ee728b)  -> (artifact id: 'b05f8807c6f6be0f7a877e5ac7928e9d') in 0.033236 seconds 
  Import took 0.037207 seconds .

========================================================================
Received Import Request.
  Time since last request: 0.000512 seconds.
  path: Assets/Scenes/textura/buszmegallo2.jpg
  artifactKey: Guid(6366d46ed5f49814982392046ef30673) Importer(815301076,1909f56bfc062723c751e8b465ee728b)
Start importing Assets/Scenes/textura/buszmegallo2.jpg using Guid(6366d46ed5f49814982392046ef30673) Importer(815301076,1909f56bfc062723c751e8b465ee728b)  -> (artifact id: 'd4517e45cbe697f7b6d92c920036ae11') in 0.022756 seconds 
  Import took 0.026808 seconds .

========================================================================
Received Import Request.
  Time since last request: 0.000613 seconds.
  path: Assets/Scenes/textura/erasmus.jpg
  artifactKey: Guid(c7d769d5b037d5e46acb4956fabcb757) Importer(815301076,1909f56bfc062723c751e8b465ee728b)
Start importing Assets/Scenes/textura/erasmus.jpg using Guid(c7d769d5b037d5e46acb4956fabcb757) Importer(815301076,1909f56bfc062723c751e8b465ee728b)  -> (artifact id: '4970096fb920cfb64fc9dffeb5055d3b') in 0.032429 seconds 
  Import took 0.036853 seconds .

========================================================================
Received Import Request.
  Time since last request: 0.000471 seconds.
  path: Assets/Scenes/textura/csatornateto.png
  artifactKey: Guid(b2eebd94edd80344b853b79ee5876768) Importer(815301076,1909f56bfc062723c751e8b465ee728b)
Start importing Assets/Scenes/textura/csatornateto.png using Guid(b2eebd94edd80344b853b79ee5876768) Importer(815301076,1909f56bfc062723c751e8b465ee728b)  -> (artifact id: 'a4e98a36b3a0efb42cae90ec86735165') in 0.036274 seconds 
  Import took 0.040033 seconds .

========================================================================
Received Import Request.
  Time since last request: 169.931754 seconds.
  path: Assets/Scenes/textura/Materials/20220225_102439.mat
  artifactKey: Guid(686b6dbb46d02934ea5a1f7630f32a42) Importer(815301076,1909f56bfc062723c751e8b465ee728b)
Start importing Assets/Scenes/textura/Materials/20220225_102439.mat using Guid(686b6dbb46d02934ea5a1f7630f32a42) Importer(815301076,1909f56bfc062723c751e8b465ee728b)  -> (artifact id: 'd1fce4ef6078a7782dc6b8e4628f550d') in 0.124002 seconds 
  Import took 0.127684 seconds .

========================================================================
Received Import Request.
  Time since last request: 0.000549 seconds.
  path: Assets/Scenes/textura/Materials/20220225_102439 1.mat
  artifactKey: Guid(5ef35866775110047846a952d6a3b8b3) Importer(815301076,1909f56bfc062723c751e8b465ee728b)
Start importing Assets/Scenes/textura/Materials/20220225_102439 1.mat using Guid(5ef35866775110047846a952d6a3b8b3) Importer(815301076,1909f56bfc062723c751e8b465ee728b)  -> (artifact id: 'cf9d7979400c6287b5eec197dd45f45f') in 0.028459 seconds 
  Import took 0.032442 seconds .

========================================================================
Received Import Request.
  Time since last request: 0.000574 seconds.
  path: Assets/Scenes/textura/Materials/20220225_103219.mat
  artifactKey: Guid(9d8ff44ebb8c95e488b6ab86bcdd3242) Importer(815301076,1909f56bfc062723c751e8b465ee728b)
Start importing Assets/Scenes/textura/Materials/20220225_103219.mat using Guid(9d8ff44ebb8c95e488b6ab86bcdd3242) Importer(815301076,1909f56bfc062723c751e8b465ee728b)  -> (artifact id: '2a006b4489686cbdde9238d9b683a546') in 0.025275 seconds 
  Import took 0.029677 seconds .

========================================================================
Received Import Request.
  Time since last request: 0.000641 seconds.
  path: Assets/Scenes/textura/Materials/buszmegallo2.mat
  artifactKey: Guid(4a708c77ea7e5ee42b2f829811631d13) Importer(815301076,1909f56bfc062723c751e8b465ee728b)
Start importing Assets/Scenes/textura/Materials/buszmegallo2.mat using Guid(4a708c77ea7e5ee42b2f829811631d13) Importer(815301076,1909f56bfc062723c751e8b465ee728b)  -> (artifact id: '7a388a66d7e34c4b4a941fcf5ef90420') in 0.020870 seconds 
  Import took 0.024519 seconds .

========================================================================
Received Import Request.
  Time since last request: 0.000492 seconds.
  path: Assets/Scenes/textura/Materials/csatornateto.mat
  artifactKey: Guid(d98f0bb678638d042a87869b0be53b7e) Importer(815301076,1909f56bfc062723c751e8b465ee728b)
Start importing Assets/Scenes/textura/Materials/csatornateto.mat using Guid(d98f0bb678638d042a87869b0be53b7e) Importer(815301076,1909f56bfc062723c751e8b465ee728b)  -> (artifact id: 'a9409368d63ef450351ff606ae03ddee') in 0.026413 seconds 
  Import took 0.030102 seconds .

========================================================================
Received Import Request.
  Time since last request: 0.000414 seconds.
  path: Assets/Scenes/textura/Materials/20220225_105031.mat
  artifactKey: Guid(7992c02cf1886ba4f8869d8e3274b356) Importer(815301076,1909f56bfc062723c751e8b465ee728b)
Start importing Assets/Scenes/textura/Materials/20220225_105031.mat using Guid(7992c02cf1886ba4f8869d8e3274b356) Importer(815301076,1909f56bfc062723c751e8b465ee728b)  -> (artifact id: '06a286f4e10cde16699d6b7c9428c84e') in 0.026024 seconds 
  Import took 0.029922 seconds .

========================================================================
Received Import Request.
  Time since last request: 0.000546 seconds.
  path: Assets/Scenes/textura/Materials/allasborze.mat
  artifactKey: Guid(41337910e5a33bb44b44266c04973edb) Importer(815301076,1909f56bfc062723c751e8b465ee728b)
Start importing Assets/Scenes/textura/Materials/allasborze.mat using Guid(41337910e5a33bb44b44266c04973edb) Importer(815301076,1909f56bfc062723c751e8b465ee728b)  -> (artifact id: 'e2ca715fdb9b187045ad404229dee490') in 0.023417 seconds 
  Import took 0.027901 seconds .

========================================================================
Received Import Request.
  Time since last request: 0.000485 seconds.
  path: Assets/Scenes/textura/Materials/buszmegallo.mat
  artifactKey: Guid(2979a1bf010f91d40a7728b5ebd9aa22) Importer(815301076,1909f56bfc062723c751e8b465ee728b)
Start importing Assets/Scenes/textura/Materials/buszmegallo.mat using Guid(2979a1bf010f91d40a7728b5ebd9aa22) Importer(815301076,1909f56bfc062723c751e8b465ee728b)  -> (artifact id: '8d657982f0a22d7a2d4ec2bc619b7553') in 0.022269 seconds 
  Import took 0.026438 seconds .

========================================================================
Received Import Request.
  Time since last request: 3.727498 seconds.
  path: Assets/Scenes/textura/Materials/erasmus.mat
  artifactKey: Guid(773d366c57bb2c74daa39064d9983b54) Importer(815301076,1909f56bfc062723c751e8b465ee728b)
Start importing Assets/Scenes/textura/Materials/erasmus.mat using Guid(773d366c57bb2c74daa39064d9983b54) Importer(815301076,1909f56bfc062723c751e8b465ee728b)  -> (artifact id: '96eede0eb9c52fed39daaa7a0b83b71b') in 0.025698 seconds 
  Import took 0.030921 seconds .

========================================================================
Received Import Request.
  Time since last request: 0.000518 seconds.
  path: Assets/Scenes/textura/Materials/fa keret.mat
  artifactKey: Guid(51f75031a84f1af408efcf0a6486c89a) Importer(815301076,1909f56bfc062723c751e8b465ee728b)
Start importing Assets/Scenes/textura/Materials/fa keret.mat using Guid(51f75031a84f1af408efcf0a6486c89a) Importer(815301076,1909f56bfc062723c751e8b465ee728b)  -> (artifact id: 'e0a379859ee2e1f9f53a4ad8625901b4') in 0.022799 seconds 
  Import took 0.027033 seconds .

========================================================================
Received Import Request.
  Time since last request: 0.180665 seconds.
  path: Assets/Scenes/textura/Materials/fal1.mat
  artifactKey: Guid(7d690bfbb76deee4e8ff95a095ca890f) Importer(815301076,1909f56bfc062723c751e8b465ee728b)
Start importing Assets/Scenes/textura/Materials/fal1.mat using Guid(7d690bfbb76deee4e8ff95a095ca890f) Importer(815301076,1909f56bfc062723c751e8b465ee728b)  -> (artifact id: '57b0fabb68b93052b00d8b864647cea8') in 0.023156 seconds 
  Import took 0.027083 seconds .

========================================================================
Received Import Request.
  Time since last request: 0.000524 seconds.
  path: Assets/Scenes/textura/Materials/jaratrozsa1.mat
  artifactKey: Guid(334ac5869da23964693c5db08f1d8e5e) Importer(815301076,1909f56bfc062723c751e8b465ee728b)
Start importing Assets/Scenes/textura/Materials/jaratrozsa1.mat using Guid(334ac5869da23964693c5db08f1d8e5e) Importer(815301076,1909f56bfc062723c751e8b465ee728b)  -> (artifact id: '589538c2a46e16b62e817236b62da8d4') in 0.025791 seconds 
  Import took 0.029490 seconds .

========================================================================
Received Import Request.
  Time since last request: 0.000474 seconds.
  path: Assets/Scenes/textura/Materials/info.mat
  artifactKey: Guid(bbda446e69480294c8bc845a70415252) Importer(815301076,1909f56bfc062723c751e8b465ee728b)
Start importing Assets/Scenes/textura/Materials/info.mat using Guid(bbda446e69480294c8bc845a70415252) Importer(815301076,1909f56bfc062723c751e8b465ee728b)  -> (artifact id: '908430c27cf51a88b9178ba28ca94b35') in 0.027055 seconds 
  Import took 0.030801 seconds .

========================================================================
Received Import Request.
  Time since last request: 0.000495 seconds.
  path: Assets/Scenes/textura/Materials/fal2.mat
  artifactKey: Guid(fb1edd9814be70947910c15947740928) Importer(815301076,1909f56bfc062723c751e8b465ee728b)
Start importing Assets/Scenes/textura/Materials/fal2.mat using Guid(fb1edd9814be70947910c15947740928) Importer(815301076,1909f56bfc062723c751e8b465ee728b)  -> (artifact id: '7a2834c78179e90863d2e51f04f4277c') in 0.022632 seconds 
  Import took 0.026411 seconds .

========================================================================
Received Import Request.
  Time since last request: 0.308608 seconds.
  path: Assets/Scenes/textura/Materials/jarda.mat
  artifactKey: Guid(a8ca60d98ced1bf4a9d59111f1f51e5a) Importer(815301076,1909f56bfc062723c751e8b465ee728b)
Start importing Assets/Scenes/textura/Materials/jarda.mat using Guid(a8ca60d98ced1bf4a9d59111f1f51e5a) Importer(815301076,1909f56bfc062723c751e8b465ee728b)  -> (artifact id: '64f5f2aae72ff8bbb2600ead100e3169') in 0.025016 seconds 
  Import took 0.029410 seconds .

========================================================================
Received Import Request.
  Time since last request: 0.000498 seconds.
  path: Assets/Scenes/textura/Materials/jolepes.mat
  artifactKey: Guid(bd8bdff7268b9024d9afecc292b31ec1) Importer(815301076,1909f56bfc062723c751e8b465ee728b)
Start importing Assets/Scenes/textura/Materials/jolepes.mat using Guid(bd8bdff7268b9024d9afecc292b31ec1) Importer(815301076,1909f56bfc062723c751e8b465ee728b)  -> (artifact id: 'c399359a6d34032f9a705d092e53bf07') in 0.025804 seconds 
  Import took 0.029495 seconds .

========================================================================
Received Import Request.
  Time since last request: 1.818024 seconds.
  path: Assets/Scenes/textura/Materials/járda.mat
  artifactKey: Guid(70d43be198ab2d4438db4627a14cc508) Importer(815301076,1909f56bfc062723c751e8b465ee728b)
Start importing Assets/Scenes/textura/Materials/járda.mat using Guid(70d43be198ab2d4438db4627a14cc508) Importer(815301076,1909f56bfc062723c751e8b465ee728b)  -> (artifact id: '7e65272a1e323b3ca4e8e9b90f5cedc4') in 0.025240 seconds 
  Import took 0.028996 seconds .

========================================================================
Received Import Request.
  Time since last request: 0.000523 seconds.
  path: Assets/Scenes/textura/Materials/kekjarat.mat
  artifactKey: Guid(440269b4354cd874ab05ac48a73e113f) Importer(815301076,1909f56bfc062723c751e8b465ee728b)
Start importing Assets/Scenes/textura/Materials/kekjarat.mat using Guid(440269b4354cd874ab05ac48a73e113f) Importer(815301076,1909f56bfc062723c751e8b465ee728b)  -> (artifact id: '39878e755abfcea04b567b3e25b4673f') in 0.024179 seconds 
  Import took 0.028500 seconds .

========================================================================
Received Import Request.
  Time since last request: 0.091773 seconds.
  path: Assets/Scenes/textura/Materials/lepcso1.mat
  artifactKey: Guid(46b833b7176424343a4634a67e576175) Importer(815301076,1909f56bfc062723c751e8b465ee728b)
Start importing Assets/Scenes/textura/Materials/lepcso1.mat using Guid(46b833b7176424343a4634a67e576175) Importer(815301076,1909f56bfc062723c751e8b465ee728b)  -> (artifact id: '5a1ef6ebfdb028d7197dd4e4f9474590') in 0.023132 seconds 
  Import took 0.026925 seconds .

========================================================================
Received Import Request.
  Time since last request: 0.000563 seconds.
  path: Assets/Scenes/textura/Materials/lepcso2.mat
  artifactKey: Guid(1b028752f7e6b554d87e990ee831e989) Importer(815301076,1909f56bfc062723c751e8b465ee728b)
Start importing Assets/Scenes/textura/Materials/lepcso2.mat using Guid(1b028752f7e6b554d87e990ee831e989) Importer(815301076,1909f56bfc062723c751e8b465ee728b)  -> (artifact id: '4a534158ae25a50aefc25415ec130f20') in 0.024389 seconds 
  Import took 0.028175 seconds .

========================================================================
Received Import Request.
  Time since last request: 0.060417 seconds.
  path: Assets/Scenes/textura/Materials/osztondijkor.mat
  artifactKey: Guid(bb8fb904b486b7a4897715f6f7c42178) Importer(815301076,1909f56bfc062723c751e8b465ee728b)
Start importing Assets/Scenes/textura/Materials/osztondijkor.mat using Guid(bb8fb904b486b7a4897715f6f7c42178) Importer(815301076,1909f56bfc062723c751e8b465ee728b)  -> (artifact id: '2ab9c9b2725f0d8491c915dff97afab8') in 0.027877 seconds 
  Import took 0.032668 seconds .

========================================================================
Received Import Request.
  Time since last request: 0.000452 seconds.
  path: Assets/Scenes/Materials/proba.mat
  artifactKey: Guid(8826ff7aebeccb943a4b504b5c384394) Importer(815301076,1909f56bfc062723c751e8b465ee728b)
Start importing Assets/Scenes/Materials/proba.mat using Guid(8826ff7aebeccb943a4b504b5c384394) Importer(815301076,1909f56bfc062723c751e8b465ee728b)  -> (artifact id: '99cb31fd0c18e0bc77637157dbd72ad1') in 0.023230 seconds 
  Import took 0.027534 seconds .

========================================================================
Received Import Request.
  Time since last request: 0.000466 seconds.
  path: Assets/Scenes/textura/Materials/teph.mat
  artifactKey: Guid(709c7924892e84f4b87e38c47016ada7) Importer(815301076,1909f56bfc062723c751e8b465ee728b)
Start importing Assets/Scenes/textura/Materials/teph.mat using Guid(709c7924892e84f4b87e38c47016ada7) Importer(815301076,1909f56bfc062723c751e8b465ee728b)  -> (artifact id: 'e30308ef6d423fbce985ddb2abe5228a') in 0.024014 seconds 
  Import took 0.027958 seconds .

========================================================================
Received Import Request.
  Time since last request: 0.000465 seconds.
  path: Assets/Scenes/textura/Materials/recepciopult.mat
  artifactKey: Guid(bf6d361a460633e44a84c6cfe9f152ef) Importer(815301076,1909f56bfc062723c751e8b465ee728b)
Start importing Assets/Scenes/textura/Materials/recepciopult.mat using Guid(bf6d361a460633e44a84c6cfe9f152ef) Importer(815301076,1909f56bfc062723c751e8b465ee728b)  -> (artifact id: '4eabc4d0ed7e67c74fd490b82b6e8475') in 0.024011 seconds 
  Import took 0.027603 seconds .

========================================================================
Received Import Request.
  Time since last request: 4.373413 seconds.
  path: Assets/Scenes/textura/Materials/20220225_102432.mat
  artifactKey: Guid(66c3e7a2f76b77d4a976655f8288592a) Importer(815301076,1909f56bfc062723c751e8b465ee728b)
Start importing Assets/Scenes/textura/Materials/20220225_102432.mat using Guid(66c3e7a2f76b77d4a976655f8288592a) Importer(815301076,1909f56bfc062723c751e8b465ee728b)  -> (artifact id: '6aff120473d4479eb491e384a66f4cf8') in 0.023810 seconds 
  Import took 0.027623 seconds .

AssetImportWorkerClient::OnTransportError - code=2 error=End of file
